[debug] [2020-05-22T19:37:31.595Z] ----------------------------------------------------------------------
[debug] [2020-05-22T19:37:31.597Z] Command:       /usr/local/bin/node /usr/local/bin/firebase serve --only functions
[debug] [2020-05-22T19:37:31.598Z] CLI Version:   8.4.0
[debug] [2020-05-22T19:37:31.598Z] Platform:      linux
[debug] [2020-05-22T19:37:31.598Z] Node Version:  v12.13.1
[debug] [2020-05-22T19:37:31.599Z] Time:          Sat May 23 2020 01:07:31 GMT+0530 (India Standard Time)
[debug] [2020-05-22T19:37:31.599Z] ----------------------------------------------------------------------
[debug] [2020-05-22T19:37:31.599Z] 
[debug] [2020-05-22T19:37:31.607Z] > command requires scopes: ["email","openid","https://www.googleapis.com/auth/cloudplatformprojects.readonly","https://www.googleapis.com/auth/firebase","https://www.googleapis.com/auth/cloud-platform"]
[debug] [2020-05-22T19:37:31.607Z] > authorizing via signed-in user
[debug] [2020-05-22T19:37:31.608Z] [iam] checking project pelaguru-dev for permissions ["firebase.projects.get"]
[debug] [2020-05-22T19:37:31.611Z] >>> HTTP REQUEST POST https://cloudresourcemanager.googleapis.com/v1/projects/pelaguru-dev:testIamPermissions  
 {"permissions":["firebase.projects.get"]}
[debug] [2020-05-22T19:37:33.089Z] <<< HTTP RESPONSE 200 {"content-type":"application/json; charset=UTF-8","vary":"X-Origin, Referer, Origin,Accept-Encoding","date":"Fri, 22 May 2020 19:37:32 GMT","server":"ESF","cache-control":"private","x-xss-protection":"0","x-frame-options":"SAMEORIGIN","x-content-type-options":"nosniff","server-timing":"gfet4t7; dur=1109","alt-svc":"h3-27=\":443\"; ma=2592000,h3-25=\":443\"; ma=2592000,h3-T050=\":443\"; ma=2592000,h3-Q050=\":443\"; ma=2592000,h3-Q049=\":443\"; ma=2592000,h3-Q048=\":443\"; ma=2592000,h3-Q046=\":443\"; ma=2592000,h3-Q043=\":443\"; ma=2592000,quic=\":443\"; ma=2592000; v=\"46,43\"","accept-ranges":"none","transfer-encoding":"chunked"}
[debug] [2020-05-22T19:37:33.093Z] >>> HTTP REQUEST GET https://firebase.googleapis.com/v1beta1/projects/pelaguru-dev  
 
[debug] [2020-05-22T19:37:33.969Z] <<< HTTP RESPONSE 200 {"content-type":"application/json; charset=UTF-8","vary":"X-Origin, Referer, Origin,Accept-Encoding","date":"Fri, 22 May 2020 19:37:33 GMT","server":"ESF","cache-control":"private","x-xss-protection":"0","x-frame-options":"SAMEORIGIN","x-content-type-options":"nosniff","alt-svc":"h3-27=\":443\"; ma=2592000,h3-25=\":443\"; ma=2592000,h3-T050=\":443\"; ma=2592000,h3-Q050=\":443\"; ma=2592000,h3-Q049=\":443\"; ma=2592000,h3-Q048=\":443\"; ma=2592000,h3-Q046=\":443\"; ma=2592000,h3-Q043=\":443\"; ma=2592000,quic=\":443\"; ma=2592000; v=\"46,43\"","accept-ranges":"none","transfer-encoding":"chunked"}
[warn] ⚠  Your requested "node" version "8" doesn't match your global version "12" {"metadata":{"emulator":{"name":"functions"},"message":"Your requested \"node\" version \"8\" doesn't match your global version \"12\""}}
[info] i  functions: Watching "/home/induwara/FullStack/pelaguru/" for Cloud Functions... {"metadata":{"emulator":{"name":"functions"},"message":"Watching \"/home/induwara/FullStack/pelaguru/\" for Cloud Functions..."}}
[debug] [2020-05-22T19:37:34.112Z] [worker-pool] addWorker(~diagnostic~) {"metadata":{"emulator":{"name":"functions"},"message":"[worker-pool] addWorker(~diagnostic~)"}}
[debug] [2020-05-22T19:37:34.113Z] [worker-pool] Adding worker with key ~diagnostic~, total=1 {"metadata":{"emulator":{"name":"functions"},"message":"[worker-pool] Adding worker with key ~diagnostic~, total=1"}}
[debug] [2020-05-22T19:37:34.114Z] [worker-pool] submitWork(triggerId=) {"metadata":{"emulator":{"name":"functions"},"message":"[worker-pool] submitWork(triggerId=)"}}
[debug] [2020-05-22T19:37:34.124Z] [worker-~diagnostic~-7f7c8ab2-a82e-480e-9aa3-9fedeabaa8da]: Assigning socketPath: /tmp/fire_emu_12579.sock {"metadata":{"emulator":{"name":"functions"},"message":"[worker-~diagnostic~-7f7c8ab2-a82e-480e-9aa3-9fedeabaa8da]: Assigning socketPath: /tmp/fire_emu_12579.sock"}}
[debug] [2020-05-22T19:37:34.124Z] [worker-~diagnostic~-7f7c8ab2-a82e-480e-9aa3-9fedeabaa8da]: BUSY {"metadata":{"emulator":{"name":"functions"},"message":"[worker-~diagnostic~-7f7c8ab2-a82e-480e-9aa3-9fedeabaa8da]: BUSY"}}
[debug] [2020-05-22T19:37:35.300Z] [runtime-status] [12579] Functions runtime initialized. {"cwd":"/home/induwara/FullStack/pelaguru","node_version":"12.13.1"} {"metadata":{"emulator":{"name":"functions"},"message":"[runtime-status] [12579] Functions runtime initialized. {\"cwd\":\"/home/induwara/FullStack/pelaguru\",\"node_version\":\"12.13.1\"}"}}
[debug] [2020-05-22T19:37:35.303Z] [runtime-status] [12579] Disabled runtime features: undefined {"metadata":{"emulator":{"name":"functions"},"message":"[runtime-status] [12579] Disabled runtime features: undefined"}}
[debug] [2020-05-22T19:37:35.317Z] [runtime-status] [12579] Resolved module firebase-admin {"declared":true,"installed":true,"version":"8.12.1","resolution":"/home/induwara/FullStack/pelaguru/node_modules/firebase-admin/lib/index.js"} {"metadata":{"emulator":{"name":"functions"},"message":"[runtime-status] [12579] Resolved module firebase-admin {\"declared\":true,\"installed\":true,\"version\":\"8.12.1\",\"resolution\":\"/home/induwara/FullStack/pelaguru/node_modules/firebase-admin/lib/index.js\"}"}}
[debug] [2020-05-22T19:37:35.322Z] [runtime-status] [12579] Resolved module firebase-functions {"declared":true,"installed":true,"version":"3.6.1","resolution":"/home/induwara/FullStack/pelaguru/node_modules/firebase-functions/lib/index.js"} {"metadata":{"emulator":{"name":"functions"},"message":"[runtime-status] [12579] Resolved module firebase-functions {\"declared\":true,\"installed\":true,\"version\":\"3.6.1\",\"resolution\":\"/home/induwara/FullStack/pelaguru/node_modules/firebase-functions/lib/index.js\"}"}}
[warn] ⚠  functions: Your GOOGLE_APPLICATION_CREDENTIALS environment variable points to apps/back-end/keys/pelaguru-dev.json. Non-emulated services will access production using these credentials. Be careful! {"metadata":{"emulator":{"name":"functions"},"message":"Your GOOGLE_APPLICATION_CREDENTIALS environment variable points to apps/back-end/keys/pelaguru-dev.json. Non-emulated services will access production using these credentials. Be careful!"}}
[debug] [2020-05-22T19:37:35.325Z] [runtime-status] [12579] Outgoing network have been stubbed. [{"name":"http","status":"mocked"},{"name":"http","status":"mocked"},{"name":"https","status":"mocked"},{"name":"https","status":"mocked"},{"name":"net","status":"mocked"}] {"metadata":{"emulator":{"name":"functions"},"message":"[runtime-status] [12579] Outgoing network have been stubbed. [{\"name\":\"http\",\"status\":\"mocked\"},{\"name\":\"http\",\"status\":\"mocked\"},{\"name\":\"https\",\"status\":\"mocked\"},{\"name\":\"https\",\"status\":\"mocked\"},{\"name\":\"net\",\"status\":\"mocked\"}]"}}
[debug] [2020-05-22T19:37:35.404Z] [runtime-status] [12579] Checked functions.config() {"config":{}} {"metadata":{"emulator":{"name":"functions"},"message":"[runtime-status] [12579] Checked functions.config() {\"config\":{}}"}}
[debug] [2020-05-22T19:37:35.405Z] [runtime-status] [12579] Resolved module firebase-functions {"declared":true,"installed":true,"version":"3.6.1","resolution":"/home/induwara/FullStack/pelaguru/node_modules/firebase-functions/lib/index.js"} {"metadata":{"emulator":{"name":"functions"},"message":"[runtime-status] [12579] Resolved module firebase-functions {\"declared\":true,\"installed\":true,\"version\":\"3.6.1\",\"resolution\":\"/home/induwara/FullStack/pelaguru/node_modules/firebase-functions/lib/index.js\"}"}}
[debug] [2020-05-22T19:37:35.417Z] [runtime-status] [12579] Resolved module firebase-admin {"declared":true,"installed":true,"version":"8.12.1","resolution":"/home/induwara/FullStack/pelaguru/node_modules/firebase-admin/lib/index.js"} {"metadata":{"emulator":{"name":"functions"},"message":"[runtime-status] [12579] Resolved module firebase-admin {\"declared\":true,\"installed\":true,\"version\":\"8.12.1\",\"resolution\":\"/home/induwara/FullStack/pelaguru/node_modules/firebase-admin/lib/index.js\"}"}}
[debug] [2020-05-22T19:37:35.421Z] [runtime-status] [12579] Resolved module firebase-functions {"declared":true,"installed":true,"version":"3.6.1","resolution":"/home/induwara/FullStack/pelaguru/node_modules/firebase-functions/lib/index.js"} {"metadata":{"emulator":{"name":"functions"},"message":"[runtime-status] [12579] Resolved module firebase-functions {\"declared\":true,\"installed\":true,\"version\":\"3.6.1\",\"resolution\":\"/home/induwara/FullStack/pelaguru/node_modules/firebase-functions/lib/index.js\"}"}}
[debug] [2020-05-22T19:37:35.422Z] [runtime-status] [12579] firebase-admin has been stubbed. {"adminResolution":{"declared":true,"installed":true,"version":"8.12.1","resolution":"/home/induwara/FullStack/pelaguru/node_modules/firebase-admin/lib/index.js"}} {"metadata":{"emulator":{"name":"functions"},"message":"[runtime-status] [12579] firebase-admin has been stubbed. {\"adminResolution\":{\"declared\":true,\"installed\":true,\"version\":\"8.12.1\",\"resolution\":\"/home/induwara/FullStack/pelaguru/node_modules/firebase-admin/lib/index.js\"}}"}}
[debug] [2020-05-22T19:37:35.629Z] [runtime-status] [12579] initializeApp(DEFAULT) {"databaseURL":"https://pelaguru-dev.firebaseio.com","storageBucket":"pelaguru-dev.appspot.com","projectId":"pelaguru-dev"} {"metadata":{"emulator":{"name":"functions"},"message":"[runtime-status] [12579] initializeApp(DEFAULT) {\"databaseURL\":\"https://pelaguru-dev.firebaseio.com\",\"storageBucket\":\"pelaguru-dev.appspot.com\",\"projectId\":\"pelaguru-dev\"}"}}
[info] ✔  functions[api]: http function initialized (http://localhost:5000/pelaguru-dev/us-central1/api). {"metadata":{"emulator":{"name":"functions"},"message":"\u001b[1mhttp\u001b[22m function initialized (http://localhost:5000/pelaguru-dev/us-central1/api)."}}
[debug] [2020-05-22T19:37:35.643Z] [worker-~diagnostic~-7f7c8ab2-a82e-480e-9aa3-9fedeabaa8da]: IDLE {"metadata":{"emulator":{"name":"functions"},"message":"[worker-~diagnostic~-7f7c8ab2-a82e-480e-9aa3-9fedeabaa8da]: IDLE"}}
[debug] [2020-05-22T19:37:49.018Z] [work-queue] {"queueLength":1,"workRunningCount":0}
[debug] [2020-05-22T19:37:49.019Z] [work-queue] {"queueLength":0,"workRunningCount":1}
[debug] [2020-05-22T19:37:49.020Z] Accepted request GET /pelaguru-dev/us-central1/api --> api
[debug] [2020-05-22T19:37:49.038Z] [worker-pool] addWorker(api) {"metadata":{"emulator":{"name":"functions"},"message":"[worker-pool] addWorker(api)"}}
[debug] [2020-05-22T19:37:49.039Z] [worker-pool] Adding worker with key api, total=1 {"metadata":{"emulator":{"name":"functions"},"message":"[worker-pool] Adding worker with key api, total=1"}}
[debug] [2020-05-22T19:37:49.039Z] [worker-pool] submitWork(triggerId=api) {"metadata":{"emulator":{"name":"functions"},"message":"[worker-pool] submitWork(triggerId=api)"}}
[debug] [2020-05-22T19:37:49.039Z] [worker-api-749b5630-3630-4f12-9911-f495e20c1eee]: Assigning socketPath: /tmp/fire_emu_12752.sock {"metadata":{"emulator":{"name":"functions"},"message":"[worker-api-749b5630-3630-4f12-9911-f495e20c1eee]: Assigning socketPath: /tmp/fire_emu_12752.sock"}}
[debug] [2020-05-22T19:37:49.040Z] [worker-api-749b5630-3630-4f12-9911-f495e20c1eee]: BUSY {"metadata":{"emulator":{"name":"functions"},"message":"[worker-api-749b5630-3630-4f12-9911-f495e20c1eee]: BUSY"}}
[debug] [2020-05-22T19:37:49.367Z] [runtime-status] [12752] Functions runtime initialized. {"cwd":"/home/induwara/FullStack/pelaguru","node_version":"12.13.1"} {"metadata":{"emulator":{"name":"functions"},"function":{"name":"api"},"message":"[runtime-status] [12752] Functions runtime initialized. {\"cwd\":\"/home/induwara/FullStack/pelaguru\",\"node_version\":\"12.13.1\"}"}}
[debug] [2020-05-22T19:37:49.369Z] [runtime-status] [12752] Disabled runtime features: undefined {"metadata":{"emulator":{"name":"functions"},"function":{"name":"api"},"message":"[runtime-status] [12752] Disabled runtime features: undefined"}}
[debug] [2020-05-22T19:37:49.377Z] [runtime-status] [12752] Resolved module firebase-admin {"declared":true,"installed":true,"version":"8.12.1","resolution":"/home/induwara/FullStack/pelaguru/node_modules/firebase-admin/lib/index.js"} {"metadata":{"emulator":{"name":"functions"},"function":{"name":"api"},"message":"[runtime-status] [12752] Resolved module firebase-admin {\"declared\":true,\"installed\":true,\"version\":\"8.12.1\",\"resolution\":\"/home/induwara/FullStack/pelaguru/node_modules/firebase-admin/lib/index.js\"}"}}
[debug] [2020-05-22T19:37:49.380Z] [runtime-status] [12752] Resolved module firebase-functions {"declared":true,"installed":true,"version":"3.6.1","resolution":"/home/induwara/FullStack/pelaguru/node_modules/firebase-functions/lib/index.js"} {"metadata":{"emulator":{"name":"functions"},"function":{"name":"api"},"message":"[runtime-status] [12752] Resolved module firebase-functions {\"declared\":true,\"installed\":true,\"version\":\"3.6.1\",\"resolution\":\"/home/induwara/FullStack/pelaguru/node_modules/firebase-functions/lib/index.js\"}"}}
[warn] ⚠  functions: Your GOOGLE_APPLICATION_CREDENTIALS environment variable points to apps/back-end/keys/pelaguru-dev.json. Non-emulated services will access production using these credentials. Be careful! {"metadata":{"emulator":{"name":"functions"},"function":{"name":"api"},"message":"Your GOOGLE_APPLICATION_CREDENTIALS environment variable points to apps/back-end/keys/pelaguru-dev.json. Non-emulated services will access production using these credentials. Be careful!"}}
[debug] [2020-05-22T19:37:49.381Z] [runtime-status] [12752] Outgoing network have been stubbed. [{"name":"http","status":"mocked"},{"name":"http","status":"mocked"},{"name":"https","status":"mocked"},{"name":"https","status":"mocked"},{"name":"net","status":"mocked"}] {"metadata":{"emulator":{"name":"functions"},"function":{"name":"api"},"message":"[runtime-status] [12752] Outgoing network have been stubbed. [{\"name\":\"http\",\"status\":\"mocked\"},{\"name\":\"http\",\"status\":\"mocked\"},{\"name\":\"https\",\"status\":\"mocked\"},{\"name\":\"https\",\"status\":\"mocked\"},{\"name\":\"net\",\"status\":\"mocked\"}]"}}
[debug] [2020-05-22T19:37:49.432Z] [runtime-status] [12752] Checked functions.config() {"config":{}} {"metadata":{"emulator":{"name":"functions"},"function":{"name":"api"},"message":"[runtime-status] [12752] Checked functions.config() {\"config\":{}}"}}
[debug] [2020-05-22T19:37:49.439Z] [runtime-status] [12752] Resolved module firebase-functions {"declared":true,"installed":true,"version":"3.6.1","resolution":"/home/induwara/FullStack/pelaguru/node_modules/firebase-functions/lib/index.js"} {"metadata":{"emulator":{"name":"functions"},"function":{"name":"api"},"message":"[runtime-status] [12752] Resolved module firebase-functions {\"declared\":true,\"installed\":true,\"version\":\"3.6.1\",\"resolution\":\"/home/induwara/FullStack/pelaguru/node_modules/firebase-functions/lib/index.js\"}"}}
[debug] [2020-05-22T19:37:49.439Z] [runtime-status] [12752] Resolved module firebase-admin {"declared":true,"installed":true,"version":"8.12.1","resolution":"/home/induwara/FullStack/pelaguru/node_modules/firebase-admin/lib/index.js"} {"metadata":{"emulator":{"name":"functions"},"function":{"name":"api"},"message":"[runtime-status] [12752] Resolved module firebase-admin {\"declared\":true,\"installed\":true,\"version\":\"8.12.1\",\"resolution\":\"/home/induwara/FullStack/pelaguru/node_modules/firebase-admin/lib/index.js\"}"}}
[debug] [2020-05-22T19:37:49.440Z] [runtime-status] [12752] Resolved module firebase-functions {"declared":true,"installed":true,"version":"3.6.1","resolution":"/home/induwara/FullStack/pelaguru/node_modules/firebase-functions/lib/index.js"} {"metadata":{"emulator":{"name":"functions"},"function":{"name":"api"},"message":"[runtime-status] [12752] Resolved module firebase-functions {\"declared\":true,\"installed\":true,\"version\":\"3.6.1\",\"resolution\":\"/home/induwara/FullStack/pelaguru/node_modules/firebase-functions/lib/index.js\"}"}}
[debug] [2020-05-22T19:37:49.440Z] [runtime-status] [12752] firebase-admin has been stubbed. {"adminResolution":{"declared":true,"installed":true,"version":"8.12.1","resolution":"/home/induwara/FullStack/pelaguru/node_modules/firebase-admin/lib/index.js"}} {"metadata":{"emulator":{"name":"functions"},"function":{"name":"api"},"message":"[runtime-status] [12752] firebase-admin has been stubbed. {\"adminResolution\":{\"declared\":true,\"installed\":true,\"version\":\"8.12.1\",\"resolution\":\"/home/induwara/FullStack/pelaguru/node_modules/firebase-admin/lib/index.js\"}}"}}
[debug] [2020-05-22T19:37:49.653Z] [runtime-status] [12752] initializeApp(DEFAULT) {"databaseURL":"https://pelaguru-dev.firebaseio.com","storageBucket":"pelaguru-dev.appspot.com","projectId":"pelaguru-dev"} {"metadata":{"emulator":{"name":"functions"},"function":{"name":"api"},"message":"[runtime-status] [12752] initializeApp(DEFAULT) {\"databaseURL\":\"https://pelaguru-dev.firebaseio.com\",\"storageBucket\":\"pelaguru-dev.appspot.com\",\"projectId\":\"pelaguru-dev\"}"}}
[debug] [2020-05-22T19:37:49.657Z] [runtime-status] [12752] Trigger "api" has been found, beginning invocation! {"metadata":{"emulator":{"name":"functions"},"function":{"name":"api"},"message":"[runtime-status] [12752] Trigger \"api\" has been found, beginning invocation!"}}
[info] i  functions: Beginning execution of "api" {"metadata":{"emulator":{"name":"functions"},"function":{"name":"api"},"message":"Beginning execution of \"api\""}}
[debug] [2020-05-22T19:37:49.658Z] [runtime-status] [12752] triggerDefinition {"httpsTrigger":{},"name":"api","entryPoint":"api"} {"metadata":{"emulator":{"name":"functions"},"function":{"name":"api"},"message":"[runtime-status] [12752] triggerDefinition {\"httpsTrigger\":{},\"name\":\"api\",\"entryPoint\":\"api\"}"}}
[debug] [2020-05-22T19:37:49.659Z] [runtime-status] [12752] Running api in mode HTTPS {"metadata":{"emulator":{"name":"functions"},"function":{"name":"api"},"message":"[runtime-status] [12752] Running api in mode HTTPS"}}
[debug] [2020-05-22T19:37:49.669Z] [runtime-status] [12752] Attempting to listen to socketPath: /tmp/fire_emu_12752.sock {"metadata":{"emulator":{"name":"functions"},"function":{"name":"api"},"message":"[runtime-status] [12752] Attempting to listen to socketPath: /tmp/fire_emu_12752.sock"}}
[debug] [2020-05-22T19:37:49.676Z] [functions] Runtime ready! Sending request! {"metadata":{"emulator":{"name":"functions"},"message":"[functions] Runtime ready! Sending request!"}}
[debug] [2020-05-22T19:37:49.696Z] [runtime-status] [12752] Ephemeral server handling GET request {"metadata":{"emulator":{"name":"functions"},"function":{"name":"api"},"message":"[runtime-status] [12752] Ephemeral server handling GET request"}}
[info] >  GET /pelaguru-dev/us-central1/api 200 58 - 5.306 ms {"user":"GET /pelaguru-dev/us-central1/api 200 58 - 5.306 ms","metadata":{"emulator":{"name":"functions"},"function":{"name":"api"},"message":"\u001b[90m> \u001b[39m GET /pelaguru-dev/us-central1/api 200 58 - 5.306 ms"}}
[debug] [2020-05-22T19:37:49.722Z] [runtime-status] [12752] Ephemeral server survived. {"metadata":{"emulator":{"name":"functions"},"function":{"name":"api"},"message":"[runtime-status] [12752] Ephemeral server survived."}}
[info] i  functions: Finished "api" in ~1s {"metadata":{"emulator":{"name":"functions"},"function":{"name":"api"},"message":"Finished \"api\" in ~1s"}}
[debug] [2020-05-22T19:37:49.751Z] [worker-api-749b5630-3630-4f12-9911-f495e20c1eee]: IDLE {"metadata":{"emulator":{"name":"functions"},"message":"[worker-api-749b5630-3630-4f12-9911-f495e20c1eee]: IDLE"}}
[debug] [2020-05-22T19:37:49.753Z] [work-queue] {"queueLength":0,"workRunningCount":0}
[debug] [2020-05-22T20:12:54.016Z] File /home/induwara/FullStack/pelaguru/dist/nxdeps.json changed, reloading triggers {"metadata":{"emulator":{"name":"functions"},"message":"File /home/induwara/FullStack/pelaguru/dist/nxdeps.json changed, reloading triggers"}}
[debug] [2020-05-22T20:12:55.017Z] [worker-pool] Shutting down IDLE worker (~diagnostic~) {"metadata":{"emulator":{"name":"functions"},"message":"[worker-pool] Shutting down IDLE worker (~diagnostic~)"}}
[debug] [2020-05-22T20:12:55.017Z] [worker-~diagnostic~-7f7c8ab2-a82e-480e-9aa3-9fedeabaa8da]: FINISHING {"metadata":{"emulator":{"name":"functions"},"message":"[worker-~diagnostic~-7f7c8ab2-a82e-480e-9aa3-9fedeabaa8da]: FINISHING"}}
[debug] [2020-05-22T20:12:55.017Z] [worker-pool] Shutting down IDLE worker (api) {"metadata":{"emulator":{"name":"functions"},"message":"[worker-pool] Shutting down IDLE worker (api)"}}
[debug] [2020-05-22T20:12:55.018Z] [worker-api-749b5630-3630-4f12-9911-f495e20c1eee]: FINISHING {"metadata":{"emulator":{"name":"functions"},"message":"[worker-api-749b5630-3630-4f12-9911-f495e20c1eee]: FINISHING"}}
[debug] [2020-05-22T20:12:55.025Z] [worker-pool] addWorker(~diagnostic~) {"metadata":{"emulator":{"name":"functions"},"message":"[worker-pool] addWorker(~diagnostic~)"}}
[debug] [2020-05-22T20:12:55.025Z] [worker-pool] Adding worker with key ~diagnostic~, total=2 {"metadata":{"emulator":{"name":"functions"},"message":"[worker-pool] Adding worker with key ~diagnostic~, total=2"}}
[debug] [2020-05-22T20:12:55.025Z] [worker-pool] submitWork(triggerId=) {"metadata":{"emulator":{"name":"functions"},"message":"[worker-pool] submitWork(triggerId=)"}}
[debug] [2020-05-22T20:12:55.025Z] [worker-~diagnostic~-25a2b4a8-d40d-4592-8d7a-4c175f55d7b1]: Assigning socketPath: /tmp/fire_emu_31816.sock {"metadata":{"emulator":{"name":"functions"},"message":"[worker-~diagnostic~-25a2b4a8-d40d-4592-8d7a-4c175f55d7b1]: Assigning socketPath: /tmp/fire_emu_31816.sock"}}
[debug] [2020-05-22T20:12:55.025Z] [worker-~diagnostic~-25a2b4a8-d40d-4592-8d7a-4c175f55d7b1]: BUSY {"metadata":{"emulator":{"name":"functions"},"message":"[worker-~diagnostic~-25a2b4a8-d40d-4592-8d7a-4c175f55d7b1]: BUSY"}}
[debug] [2020-05-22T20:12:55.027Z] [worker-~diagnostic~-7f7c8ab2-a82e-480e-9aa3-9fedeabaa8da]: exited {"metadata":{"emulator":{"name":"functions"},"message":"[worker-~diagnostic~-7f7c8ab2-a82e-480e-9aa3-9fedeabaa8da]: exited"}}
[debug] [2020-05-22T20:12:55.027Z] [worker-~diagnostic~-7f7c8ab2-a82e-480e-9aa3-9fedeabaa8da]: FINISHED {"metadata":{"emulator":{"name":"functions"},"message":"[worker-~diagnostic~-7f7c8ab2-a82e-480e-9aa3-9fedeabaa8da]: FINISHED"}}
[debug] [2020-05-22T20:12:55.028Z] [worker-api-749b5630-3630-4f12-9911-f495e20c1eee]: exited {"metadata":{"emulator":{"name":"functions"},"message":"[worker-api-749b5630-3630-4f12-9911-f495e20c1eee]: exited"}}
[debug] [2020-05-22T20:12:55.028Z] [worker-api-749b5630-3630-4f12-9911-f495e20c1eee]: FINISHED {"metadata":{"emulator":{"name":"functions"},"message":"[worker-api-749b5630-3630-4f12-9911-f495e20c1eee]: FINISHED"}}
[debug] [2020-05-22T20:12:55.217Z] [runtime-status] [31816] Functions runtime initialized. {"cwd":"/home/induwara/FullStack/pelaguru","node_version":"12.13.1"} {"metadata":{"emulator":{"name":"functions"},"message":"[runtime-status] [31816] Functions runtime initialized. {\"cwd\":\"/home/induwara/FullStack/pelaguru\",\"node_version\":\"12.13.1\"}"}}
[debug] [2020-05-22T20:12:55.219Z] [runtime-status] [31816] Disabled runtime features: undefined {"metadata":{"emulator":{"name":"functions"},"message":"[runtime-status] [31816] Disabled runtime features: undefined"}}
[debug] [2020-05-22T20:12:55.221Z] [runtime-status] [31816] Resolved module firebase-admin {"declared":true,"installed":true,"version":"8.12.1","resolution":"/home/induwara/FullStack/pelaguru/node_modules/firebase-admin/lib/index.js"} {"metadata":{"emulator":{"name":"functions"},"message":"[runtime-status] [31816] Resolved module firebase-admin {\"declared\":true,\"installed\":true,\"version\":\"8.12.1\",\"resolution\":\"/home/induwara/FullStack/pelaguru/node_modules/firebase-admin/lib/index.js\"}"}}
[debug] [2020-05-22T20:12:55.223Z] [runtime-status] [31816] Resolved module firebase-functions {"declared":true,"installed":true,"version":"3.6.1","resolution":"/home/induwara/FullStack/pelaguru/node_modules/firebase-functions/lib/index.js"} {"metadata":{"emulator":{"name":"functions"},"message":"[runtime-status] [31816] Resolved module firebase-functions {\"declared\":true,\"installed\":true,\"version\":\"3.6.1\",\"resolution\":\"/home/induwara/FullStack/pelaguru/node_modules/firebase-functions/lib/index.js\"}"}}
[warn] ⚠  functions: Your GOOGLE_APPLICATION_CREDENTIALS environment variable points to apps/back-end/keys/pelaguru-dev.json. Non-emulated services will access production using these credentials. Be careful! {"metadata":{"emulator":{"name":"functions"},"message":"Your GOOGLE_APPLICATION_CREDENTIALS environment variable points to apps/back-end/keys/pelaguru-dev.json. Non-emulated services will access production using these credentials. Be careful!"}}
[debug] [2020-05-22T20:12:55.225Z] [runtime-status] [31816] Outgoing network have been stubbed. [{"name":"http","status":"mocked"},{"name":"http","status":"mocked"},{"name":"https","status":"mocked"},{"name":"https","status":"mocked"},{"name":"net","status":"mocked"}] {"metadata":{"emulator":{"name":"functions"},"message":"[runtime-status] [31816] Outgoing network have been stubbed. [{\"name\":\"http\",\"status\":\"mocked\"},{\"name\":\"http\",\"status\":\"mocked\"},{\"name\":\"https\",\"status\":\"mocked\"},{\"name\":\"https\",\"status\":\"mocked\"},{\"name\":\"net\",\"status\":\"mocked\"}]"}}
[debug] [2020-05-22T20:12:55.257Z] [runtime-status] [31816] Checked functions.config() {"config":{}} {"metadata":{"emulator":{"name":"functions"},"message":"[runtime-status] [31816] Checked functions.config() {\"config\":{}}"}}
[debug] [2020-05-22T20:12:55.261Z] [runtime-status] [31816] Resolved module firebase-functions {"declared":true,"installed":true,"version":"3.6.1","resolution":"/home/induwara/FullStack/pelaguru/node_modules/firebase-functions/lib/index.js"} {"metadata":{"emulator":{"name":"functions"},"message":"[runtime-status] [31816] Resolved module firebase-functions {\"declared\":true,\"installed\":true,\"version\":\"3.6.1\",\"resolution\":\"/home/induwara/FullStack/pelaguru/node_modules/firebase-functions/lib/index.js\"}"}}
[debug] [2020-05-22T20:12:55.261Z] [runtime-status] [31816] Resolved module firebase-admin {"declared":true,"installed":true,"version":"8.12.1","resolution":"/home/induwara/FullStack/pelaguru/node_modules/firebase-admin/lib/index.js"} {"metadata":{"emulator":{"name":"functions"},"message":"[runtime-status] [31816] Resolved module firebase-admin {\"declared\":true,\"installed\":true,\"version\":\"8.12.1\",\"resolution\":\"/home/induwara/FullStack/pelaguru/node_modules/firebase-admin/lib/index.js\"}"}}
[debug] [2020-05-22T20:12:55.261Z] [runtime-status] [31816] Resolved module firebase-functions {"declared":true,"installed":true,"version":"3.6.1","resolution":"/home/induwara/FullStack/pelaguru/node_modules/firebase-functions/lib/index.js"} {"metadata":{"emulator":{"name":"functions"},"message":"[runtime-status] [31816] Resolved module firebase-functions {\"declared\":true,\"installed\":true,\"version\":\"3.6.1\",\"resolution\":\"/home/induwara/FullStack/pelaguru/node_modules/firebase-functions/lib/index.js\"}"}}
[debug] [2020-05-22T20:12:55.261Z] [runtime-status] [31816] firebase-admin has been stubbed. {"adminResolution":{"declared":true,"installed":true,"version":"8.12.1","resolution":"/home/induwara/FullStack/pelaguru/node_modules/firebase-admin/lib/index.js"}} {"metadata":{"emulator":{"name":"functions"},"message":"[runtime-status] [31816] firebase-admin has been stubbed. {\"adminResolution\":{\"declared\":true,\"installed\":true,\"version\":\"8.12.1\",\"resolution\":\"/home/induwara/FullStack/pelaguru/node_modules/firebase-admin/lib/index.js\"}}"}}
[debug] [2020-05-22T20:12:55.350Z] [runtime-status] [31816] initializeApp(DEFAULT) {"databaseURL":"https://pelaguru-dev.firebaseio.com","storageBucket":"pelaguru-dev.appspot.com","projectId":"pelaguru-dev"} {"metadata":{"emulator":{"name":"functions"},"message":"[runtime-status] [31816] initializeApp(DEFAULT) {\"databaseURL\":\"https://pelaguru-dev.firebaseio.com\",\"storageBucket\":\"pelaguru-dev.appspot.com\",\"projectId\":\"pelaguru-dev\"}"}}
[debug] [2020-05-22T20:12:55.352Z] [worker-~diagnostic~-25a2b4a8-d40d-4592-8d7a-4c175f55d7b1]: IDLE {"metadata":{"emulator":{"name":"functions"},"message":"[worker-~diagnostic~-25a2b4a8-d40d-4592-8d7a-4c175f55d7b1]: IDLE"}}
